[debug] [2024-06-11T03:10:11.137Z] ----------------------------------------------------------------------
[debug] [2024-06-11T03:10:11.139Z] Command:       C:\Program Files\nodejs\node.exe C:\Users\stage\AppData\Roaming\npm\node_modules\firebase-tools\lib\bin\firebase.js deploy
[debug] [2024-06-11T03:10:11.139Z] CLI Version:   13.6.0
[debug] [2024-06-11T03:10:11.139Z] Platform:      win32
[debug] [2024-06-11T03:10:11.140Z] Node Version:  v21.7.1
[debug] [2024-06-11T03:10:11.140Z] Time:          Tue Jun 11 2024 12:10:11 GMT+0900 (대한민국 표준시)
[debug] [2024-06-11T03:10:11.140Z] ----------------------------------------------------------------------
[debug] 
[debug] [2024-06-11T03:10:11.193Z] > command requires scopes: ["email","openid","https://www.googleapis.com/auth/cloudplatformprojects.readonly","https://www.googleapis.com/auth/firebase","https://www.googleapis.com/auth/cloud-platform"]
[debug] [2024-06-11T03:10:11.194Z] > authorizing via signed-in user (stage0728@gmail.com)
[debug] [2024-06-11T03:10:11.194Z] [iam] checking project church-game for permissions ["firebase.projects.get","firebasehosting.sites.update"]
[debug] [2024-06-11T03:10:11.196Z] >>> [apiv2][query] POST https://cloudresourcemanager.googleapis.com/v1/projects/church-game:testIamPermissions [none]
[debug] [2024-06-11T03:10:11.196Z] >>> [apiv2][(partial)header] POST https://cloudresourcemanager.googleapis.com/v1/projects/church-game:testIamPermissions x-goog-quota-user=projects/church-game
[debug] [2024-06-11T03:10:11.196Z] >>> [apiv2][body] POST https://cloudresourcemanager.googleapis.com/v1/projects/church-game:testIamPermissions {"permissions":["firebase.projects.get","firebasehosting.sites.update"]}
[debug] [2024-06-11T03:10:12.062Z] <<< [apiv2][status] POST https://cloudresourcemanager.googleapis.com/v1/projects/church-game:testIamPermissions 200
[debug] [2024-06-11T03:10:12.062Z] <<< [apiv2][body] POST https://cloudresourcemanager.googleapis.com/v1/projects/church-game:testIamPermissions {"permissions":["firebase.projects.get","firebasehosting.sites.update"]}
[debug] [2024-06-11T03:10:12.063Z] >>> [apiv2][query] GET https://firebase.googleapis.com/v1beta1/projects/church-game [none]
[debug] [2024-06-11T03:10:12.484Z] <<< [apiv2][status] GET https://firebase.googleapis.com/v1beta1/projects/church-game 200
[debug] [2024-06-11T03:10:12.484Z] <<< [apiv2][body] GET https://firebase.googleapis.com/v1beta1/projects/church-game {"projectId":"church-game","projectNumber":"320858448064","displayName":"ChurchGame","name":"projects/church-game","resources":{"hostingSite":"church-game","storageBucket":"church-game.appspot.com","locationId":"us-central"},"state":"ACTIVE","etag":"1_f50dfe72-690a-4762-9589-95cb3c57ef75"}
[info] 
[info] === Deploying to 'church-game'...
[info] 
[info] i  deploying hosting 
[debug] [2024-06-11T03:10:12.490Z] >>> [apiv2][query] POST https://firebasehosting.googleapis.com/v1beta1/projects/-/sites/church-game/versions [none]
[debug] [2024-06-11T03:10:12.491Z] >>> [apiv2][body] POST https://firebasehosting.googleapis.com/v1beta1/projects/-/sites/church-game/versions {"status":"CREATED","labels":{"deployment-tool":"cli-firebase"}}
[debug] [2024-06-11T03:10:13.527Z] <<< [apiv2][status] POST https://firebasehosting.googleapis.com/v1beta1/projects/-/sites/church-game/versions 200
[debug] [2024-06-11T03:10:13.527Z] <<< [apiv2][body] POST https://firebasehosting.googleapis.com/v1beta1/projects/-/sites/church-game/versions {"name":"projects/320858448064/sites/church-game/versions/4f14159f6732ad9d","status":"CREATED","config":{},"labels":{"deployment-tool":"cli-firebase"}}
[info] i  hosting[church-game]: beginning deploy... 
[debug] [2024-06-11T03:10:13.622Z] Error: EPERM: operation not permitted, scandir 'C:\Users\stage\public\firebase-debug.log'
    at Object.readdirSync (node:fs:1508:26)
    at GlobSync._readdir (C:\Users\stage\AppData\Roaming\npm\node_modules\firebase-tools\node_modules\glob\sync.js:288:46)
    at GlobSync._readdirInGlobStar (C:\Users\stage\AppData\Roaming\npm\node_modules\firebase-tools\node_modules\glob\sync.js:245:17)
    at GlobSync._readdir (C:\Users\stage\AppData\Roaming\npm\node_modules\firebase-tools\node_modules\glob\sync.js:276:17)
    at GlobSync._processReaddir (C:\Users\stage\AppData\Roaming\npm\node_modules\firebase-tools\node_modules\glob\sync.js:137:22)
    at GlobSync._process (C:\Users\stage\AppData\Roaming\npm\node_modules\firebase-tools\node_modules\glob\sync.js:132:10)
    at GlobSync._processGlobStar (C:\Users\stage\AppData\Roaming\npm\node_modules\firebase-tools\node_modules\glob\sync.js:380:10)
    at GlobSync._process (C:\Users\stage\AppData\Roaming\npm\node_modules\firebase-tools\node_modules\glob\sync.js:130:10)
    at new GlobSync (C:\Users\stage\AppData\Roaming\npm\node_modules\firebase-tools\node_modules\glob\sync.js:45:10)
    at globSync (C:\Users\stage\AppData\Roaming\npm\node_modules\firebase-tools\node_modules\glob\sync.js:23:10)
[error] 
[error] Error: An unexpected error has occurred.
[debug] [2024-06-11T03:10:21.776Z] ----------------------------------------------------------------------
[debug] [2024-06-11T03:10:21.778Z] Command:       C:\Program Files\nodejs\node.exe C:\Users\stage\AppData\Roaming\npm\node_modules\firebase-tools\lib\bin\firebase.js deploy
[debug] [2024-06-11T03:10:21.779Z] CLI Version:   13.6.0
[debug] [2024-06-11T03:10:21.779Z] Platform:      win32
[debug] [2024-06-11T03:10:21.779Z] Node Version:  v21.7.1
[debug] [2024-06-11T03:10:21.779Z] Time:          Tue Jun 11 2024 12:10:21 GMT+0900 (대한민국 표준시)
[debug] [2024-06-11T03:10:21.779Z] ----------------------------------------------------------------------
[debug] 
[debug] [2024-06-11T03:10:21.855Z] > command requires scopes: ["email","openid","https://www.googleapis.com/auth/cloudplatformprojects.readonly","https://www.googleapis.com/auth/firebase","https://www.googleapis.com/auth/cloud-platform"]
[debug] [2024-06-11T03:10:21.855Z] > authorizing via signed-in user (stage0728@gmail.com)
[debug] [2024-06-11T03:10:21.855Z] [iam] checking project church-game for permissions ["firebase.projects.get","firebasehosting.sites.update"]
[debug] [2024-06-11T03:10:21.857Z] >>> [apiv2][query] POST https://cloudresourcemanager.googleapis.com/v1/projects/church-game:testIamPermissions [none]
[debug] [2024-06-11T03:10:21.857Z] >>> [apiv2][(partial)header] POST https://cloudresourcemanager.googleapis.com/v1/projects/church-game:testIamPermissions x-goog-quota-user=projects/church-game
[debug] [2024-06-11T03:10:21.857Z] >>> [apiv2][body] POST https://cloudresourcemanager.googleapis.com/v1/projects/church-game:testIamPermissions {"permissions":["firebase.projects.get","firebasehosting.sites.update"]}
[debug] [2024-06-11T03:10:22.743Z] <<< [apiv2][status] POST https://cloudresourcemanager.googleapis.com/v1/projects/church-game:testIamPermissions 200
[debug] [2024-06-11T03:10:22.743Z] <<< [apiv2][body] POST https://cloudresourcemanager.googleapis.com/v1/projects/church-game:testIamPermissions {"permissions":["firebase.projects.get","firebasehosting.sites.update"]}
[debug] [2024-06-11T03:10:22.744Z] >>> [apiv2][query] GET https://firebase.googleapis.com/v1beta1/projects/church-game [none]
[debug] [2024-06-11T03:10:23.122Z] <<< [apiv2][status] GET https://firebase.googleapis.com/v1beta1/projects/church-game 200
[debug] [2024-06-11T03:10:23.122Z] <<< [apiv2][body] GET https://firebase.googleapis.com/v1beta1/projects/church-game {"projectId":"church-game","projectNumber":"320858448064","displayName":"ChurchGame","name":"projects/church-game","resources":{"hostingSite":"church-game","storageBucket":"church-game.appspot.com","locationId":"us-central"},"state":"ACTIVE","etag":"1_f50dfe72-690a-4762-9589-95cb3c57ef75"}
[info] 
[info] === Deploying to 'church-game'...
[info] 
[info] i  deploying hosting 
[debug] [2024-06-11T03:10:23.128Z] >>> [apiv2][query] POST https://firebasehosting.googleapis.com/v1beta1/projects/-/sites/church-game/versions [none]
[debug] [2024-06-11T03:10:23.128Z] >>> [apiv2][body] POST https://firebasehosting.googleapis.com/v1beta1/projects/-/sites/church-game/versions {"status":"CREATED","labels":{"deployment-tool":"cli-firebase"}}
[debug] [2024-06-11T03:10:24.321Z] <<< [apiv2][status] POST https://firebasehosting.googleapis.com/v1beta1/projects/-/sites/church-game/versions 200
[debug] [2024-06-11T03:10:24.321Z] <<< [apiv2][body] POST https://firebasehosting.googleapis.com/v1beta1/projects/-/sites/church-game/versions {"name":"projects/320858448064/sites/church-game/versions/d6c3176754637fc9","status":"CREATED","config":{},"labels":{"deployment-tool":"cli-firebase"}}
[info] i  hosting[church-game]: beginning deploy... 
[debug] [2024-06-11T03:10:24.405Z] Error: EPERM: operation not permitted, scandir 'C:\Users\stage\public\firebase-debug.log'
    at Object.readdirSync (node:fs:1508:26)
    at GlobSync._readdir (C:\Users\stage\AppData\Roaming\npm\node_modules\firebase-tools\node_modules\glob\sync.js:288:46)
    at GlobSync._readdirInGlobStar (C:\Users\stage\AppData\Roaming\npm\node_modules\firebase-tools\node_modules\glob\sync.js:245:17)
    at GlobSync._readdir (C:\Users\stage\AppData\Roaming\npm\node_modules\firebase-tools\node_modules\glob\sync.js:276:17)
    at GlobSync._processReaddir (C:\Users\stage\AppData\Roaming\npm\node_modules\firebase-tools\node_modules\glob\sync.js:137:22)
    at GlobSync._process (C:\Users\stage\AppData\Roaming\npm\node_modules\firebase-tools\node_modules\glob\sync.js:132:10)
    at GlobSync._processGlobStar (C:\Users\stage\AppData\Roaming\npm\node_modules\firebase-tools\node_modules\glob\sync.js:380:10)
    at GlobSync._process (C:\Users\stage\AppData\Roaming\npm\node_modules\firebase-tools\node_modules\glob\sync.js:130:10)
    at new GlobSync (C:\Users\stage\AppData\Roaming\npm\node_modules\firebase-tools\node_modules\glob\sync.js:45:10)
    at globSync (C:\Users\stage\AppData\Roaming\npm\node_modules\firebase-tools\node_modules\glob\sync.js:23:10)
[error] 
[error] Error: An unexpected error has occurred.
